Number of used processors (NPROC): 2.
Number of mesh partitions (NPART): 2.
Total Physical Memory = 3.92 Gb, Available Physical Memory = 2.18 Gb
Mesh generation started:	11.4.2017	11:4:8
-----------------------------------------------------------------------
Allocating meshes:
	CPU count: 2
	MESH 0:
		Sub-meshes count: 2
-----------------------------------------------------------------------
Current CPU = 0 sec
-----------------------------------------------------------------------
Geometries initialization:

Geometry database loading ...OK
-----------------------------------------------------------------------
Loading mesh settings (global/local)...
-----------------------------------------------------------------------
Number of geometries: 1
Geometry(0):
	Fluid..
	1 Body.
	1 Real body.
	Tolerance=0.000314223.
	444 Face(s).
		444 of b-spline type.
	6490 Triangle(s).
	0 Face(s) that have no ref faces
	277 Plane surface(s).
	135 Cylinder surface(s).
	24 Sphere surface(s).
	2 Torus surface(s).
	6 Blending surface(s).
	1111 Edge(s).
		1111 of b-spline type.
	Geometry reading: 0.203 s.
	444 Reference Face(s).
	6490 Reference Triangles.
	GeometryRef reading: 0.018 s.
Last Geometry:
	Solid.
	Making hash and connectivity for geometry 0...
		CBodyGeom:
		Hash size: {18, 10, 16}.
		Mesh size: {18, 10, 16}.
		Hashing triangles...Ok.
		Making triangles connectivity...Ok. (0.152 s).
		Neighbour triangles: 100.00 % (good connect) - 0.00 % (bad connect). Min: 3. Max: 3.
		Done.
		CBodyGeomRef:
		Hashing triangles...Ok.
		Making triangles connectivity...Ok. (0.050 s).
		Neighbour triangles: Min: 0. Max: 3.
		Done.
	0.171 s.
Geometries reading and preparing has taken 0.406 s.

Mapped triangles:
Hashing geometries triangles
	Triangles num=6490
	Triangles box={-0.899791  ,1.18602  ,-1.10601  ,0.018  ,-1.03204  ,1.03184  }
		3d-hash size is 55432 bytes
		Making triangles connectivity...Ok. (0.149 s).
		Neighbour triangles: 100.00 % (good connect) - 0.00 % (bad connect). Min: 3. Max: 3.
Hashing peculiar surfaces triangles
Mapped triangles processed in 0.168 s.
-----------------------------------------------------------------------

Current CPU = 0 sec
Flow Simulation 2016  x64 / 3501 / MESHER ver. efd_15_1.3458_17.03.2016 

Project: C:\Users\Thibaut\Documents\TropodroneNEW\2\2.xmlconfig
Computer name:	THIBAUT-PC
Operating system:	Windows 7 Service Pack 1 (Version 6.1.7601)

SOLIDWORKS 2016 SP4.0

-----------------------------------------------------------------------
Mesh dimensions:
				I[0 ]=18
				I[1 ]=10
				I[2 ]=16
Solver refinement level	I[47]=0

Comp. domain size:
				a[0  ]=-1.67593
				a[1  ]=2.11687
				a[2  ]=-1.39767
				a[3  ]=0.435078
				a[4  ]=-1.68829
				a[5  ]=1.63062
Wall thickness		a[231]=0
Gap size			a[232]=1

Fluid calculated			1
Solid calculated			0
-----------------------------------------------------------------------
MESH: distribute base bricks among sub-meshes...
	Base bricks count               2880
	Sub-meshes  count               2
	Base bricks count per sub-mesh  1440 (+0)
	Sub-mesh 0: 1440 base brick(s), range [0, 8]-[0, 9]-[0, 15]
	Sub-mesh 1: 1440 base brick(s), range [9, 17]-[0, 9]-[0, 15]
-----------------------------------------------------------------------
-----------------------------------------------------------------------
MESH: collecting ghosts in sub-meshes...
	Sub-mesh 0:
		Total  brick(s) 1600
		Native brick(s) 1440
		Inner  brick(s) 1280
		Outer  brick(s) 160
		Ghost  brick(s) 160
	Sub-mesh 1:
		Total  brick(s) 1600
		Native brick(s) 1440
		Inner  brick(s) 1280
		Outer  brick(s) 160
		Ghost  brick(s) 160
	Total brick(s) 2880
-----------------------------------------------------------------------
Setting regions...OK (0.062 s)
Base mesh info------------------
	2D flag  =0
	Period   =[0, 0, 0]
	Nx=18
		x[0]=-1.67593
		x[1]=-1.47375
		x[2]=-1.27164
		x[3]=-1.06952
		x[4]=-0.867404
		x[5]=-0.665288
		x[6]=-0.463172
		x[7]=-0.261056
		x[8]=-0.0589397
		x[9]=0.143176
		x[10]=0.354464
		x[11]=0.565748
		x[12]=0.777032
		x[13]=0.988316
		x[14]=1.1996
		x[15]=1.41088
		x[16]=1.63378
		x[17]=1.86891
		x[18]=2.11687
	Ny=10
		y[0]=-1.39767
		y[1]=-1.24394
		y[2]=-1.09473
		y[3]=-0.911132
		y[4]=-0.727543
		y[5]=-0.543955
		y[6]=-0.360367
		y[7]=-0.176778
		y[8]=0.00680979
		y[9]=0.214574
		y[10]=0.435078
	Nz=16
		z[0]=-1.68829
		z[1]=-1.46584
		z[2]=-1.2468
		z[3]=-1.03105
		z[4]=-0.81855
		z[5]=-0.609247
		z[6]=-0.403095
		z[7]=-0.200046
		z[8]=-5.29263e-005
		z[9]=0.202208
		z[10]=0.404469
		z[11]=0.606729
		z[12]=0.80899
		z[13]=1.01125
		z[14]=1.20813
		z[15]=1.41446
		z[16]=1.63062
End of base mesh info---------
Input_mesh_settings--------------------------------
Settings 0----------------
	Scope: GLOBAL
	Type:	------MESHER_SETTINGS----------
	RefAllCells           =0
	RefFluidCells         =0
	RefPartCells          =0
	RefSolidCells         =0
	l_SSFR(Capture crit)  =1
	l_curv(Curvature crit)=0
	l_tol(Tolerance crit) =0
	UseChannelRef         =1
	  l_NCR               =1
	  N_gap               =5
	  Use d_NCR_min       =0
	  Use d_NCR_max       =0
	IgnoreThinChannelsHeight         =0
	--END_OF_MESHER_SETTINGS-------
End of input mesh settings-------------------------

-----------------------------------------------------------------------
Building geometries:
Building geometry Fluid.0.(0)...

-----------------------------------------------------------------------
Refining by triangulation...
Refinement input: 2880 bricks
Setting regions...OK (0.076 s)
Refinement result: 3776 bricks (0.437 s)
Refinement input: 3776 bricks
Refinement result: 3776 bricks (0.016 s)
Collecting and processing rays...OK (0.397 s)
Capturing...OK (0.004 s)
Refining by triangulation takes 0.952 s
-----------------------------------------------------------------------

-----------------------------------------------------------------------
Refining peculiar surfaces...
0 surfaces refined
Refining peculiar surfaces takes 0 s
-----------------------------------------------------------------------
Collecting and processing rays...OK (0.047 s)
Capturing...OK (0.000 s)
Collecting and processing rays...OK (0.045 s)
Capturing...OK (0.000 s)
Collecting and processing rays...OK (0.012 s)
Capturing...OK (0.000 s)

-----------------------------------------------------------------------
Base mesh 1 Refining...
Refinement input: 3776 bricks
Refinement result: 3776 bricks (0.203 s)
Collecting and processing rays...OK (0.010 s)
Capturing...OK (0.054 s)
-----------------------------------------------------------------------
Refining channels...
FYI: CNarrowChannelRefiner::RefineChannels_PRLL: m_submesh_count=2
Refinement input: 3776 bricks
Setting regions...OK (0.100 s)
Refinement result: 4581 bricks (0.249 s)
Collecting and processing rays...OK (0.122 s)
Capturing...OK (0.002 s)
FYI: m_iteration_count = 0
FYI: level1 statistics:
     level1_cnt_plus[1]=920;		level1_cnt_minus[1]=0
     level1_cnt_plus[2]=0;		level1_cnt_minus[2]=0
     level1_cnt_plus[3]=0;		level1_cnt_minus[3]=0
     level1_cnt_plus[4]=0;		level1_cnt_minus[4]=0
     level1_cnt_plus[5]=0;		level1_cnt_minus[5]=0
     level1_cnt_plus[6]=0;		level1_cnt_minus[6]=0
     level1_cnt_plus[7]=0;		level1_cnt_minus[7]=0
     level1_cnt_plus[8]=0;		level1_cnt_minus[8]=0
     level1_cnt_plus[9]=0;		level1_cnt_minus[9]=0
Refinement input: 4581 bricks
Setting regions...OK (0.089 s)
Refinement result: 4609 bricks (0.265 s)
Collecting and processing rays...OK (0.031 s)
Capturing...OK (0.045 s)
FYI: m_iteration_count = 1
FYI: level1 statistics:
     level1_cnt_plus[1]=952;		level1_cnt_minus[1]=0
     level1_cnt_plus[2]=0;		level1_cnt_minus[2]=0
     level1_cnt_plus[3]=0;		level1_cnt_minus[3]=0
     level1_cnt_plus[4]=0;		level1_cnt_minus[4]=0
     level1_cnt_plus[5]=0;		level1_cnt_minus[5]=0
     level1_cnt_plus[6]=0;		level1_cnt_minus[6]=0
     level1_cnt_plus[7]=0;		level1_cnt_minus[7]=0
     level1_cnt_plus[8]=0;		level1_cnt_minus[8]=0
     level1_cnt_plus[9]=0;		level1_cnt_minus[9]=0
FYI: m_iteration_count = 2
FYI: level1 statistics:
     level1_cnt_plus[1]=952;		level1_cnt_minus[1]=0
     level1_cnt_plus[2]=0;		level1_cnt_minus[2]=0
     level1_cnt_plus[3]=0;		level1_cnt_minus[3]=0
     level1_cnt_plus[4]=0;		level1_cnt_minus[4]=0
     level1_cnt_plus[5]=0;		level1_cnt_minus[5]=0
     level1_cnt_plus[6]=0;		level1_cnt_minus[6]=0
     level1_cnt_plus[7]=0;		level1_cnt_minus[7]=0
     level1_cnt_plus[8]=0;		level1_cnt_minus[8]=0
     level1_cnt_plus[9]=0;		level1_cnt_minus[9]=0
FYI: level1 statistics:
     level1_cnt_plus[1]=952;		level1_cnt_minus[1]=0
     level1_cnt_plus[2]=0;		level1_cnt_minus[2]=0
     level1_cnt_plus[3]=0;		level1_cnt_minus[3]=0
     level1_cnt_plus[4]=0;		level1_cnt_minus[4]=0
     level1_cnt_plus[5]=0;		level1_cnt_minus[5]=0
     level1_cnt_plus[6]=0;		level1_cnt_minus[6]=0
     level1_cnt_plus[7]=0;		level1_cnt_minus[7]=0
     level1_cnt_plus[8]=0;		level1_cnt_minus[8]=0
     level1_cnt_plus[9]=0;		level1_cnt_minus[9]=0
	CNarrowChannelRefiner::ChannelsResolution            function_total                0      = 1.37621 sec

-----------------------------------------------------------------------
U-shapes refinement...
Refinement input: 4609 bricks
Refinement result: 4609 bricks (0.094 s)
Collecting and processing rays...OK (0.031 s)
Capturing...OK (0.000 s)
-----------------------------------------------------------------------

-----------------------------------------------------------------------
Equi Distant Refiner:
Equi Distant Refiner takes 0.00 s
-----------------------------------------------------------------------
Building geometry takes 2.886 s
Geometry Fluid.0.
Total		4609
Partial	882
Fluid		3531
Solid		196
Bad		0

/-Ray Intersection---------------/ Time	0.159 s
Calls			1299
CorrectRay Calls	0


Building geometries takes 2.886 s
-----------------------------------------------------------------------

-----------------------------------------------------------------------
PostBuilding geometries:
PostBuilding geometries takes 0.078 s
-----------------------------------------------------------------------
Defect ray count	0
FYI: CNarrowChannelRefiner::RedistributeLevel1_step_1: is finished
FYI: level1 statistics:
     level1_cnt_plus[1]=952;		level1_cnt_minus[1]=0
     level1_cnt_plus[2]=0;		level1_cnt_minus[2]=0
     level1_cnt_plus[3]=0;		level1_cnt_minus[3]=0
     level1_cnt_plus[4]=0;		level1_cnt_minus[4]=0
     level1_cnt_plus[5]=0;		level1_cnt_minus[5]=0
     level1_cnt_plus[6]=0;		level1_cnt_minus[6]=0
     level1_cnt_plus[7]=0;		level1_cnt_minus[7]=0
     level1_cnt_plus[8]=0;		level1_cnt_minus[8]=0
     level1_cnt_plus[9]=0;		level1_cnt_minus[9]=0
FYI: CNarrowChannelRefiner::RedistributeLevel1_step_2: is started
FYI: CNarrowChannelRefiner::RedistributeLevel1_step_2: is finished
FYI: level1 statistics:
     level1_cnt_plus[1]=1299;		level1_cnt_minus[1]=0
     level1_cnt_plus[2]=0;		level1_cnt_minus[2]=0
     level1_cnt_plus[3]=0;		level1_cnt_minus[3]=0
     level1_cnt_plus[4]=0;		level1_cnt_minus[4]=0
     level1_cnt_plus[5]=0;		level1_cnt_minus[5]=0
     level1_cnt_plus[6]=0;		level1_cnt_minus[6]=0
     level1_cnt_plus[7]=0;		level1_cnt_minus[7]=0
     level1_cnt_plus[8]=0;		level1_cnt_minus[8]=0
     level1_cnt_plus[9]=0;		level1_cnt_minus[9]=0
FYI: CNarrowChannelRefiner::RedistributeLevel1_step_3: is started
FYI: CNarrowChannelRefiner::RedistributeLevel1_step_3: is finished
RedistributeLevel1 takes:
	CNarrowChannelRefiner::RedistributeLevel1            function_total                0      = 0.666232 sec
FYI: level1 statistics:
     level1_cnt_plus[1]=1299;		level1_cnt_minus[1]=657
     level1_cnt_plus[2]=0;		level1_cnt_minus[2]=0
     level1_cnt_plus[3]=0;		level1_cnt_minus[3]=0
     level1_cnt_plus[4]=0;		level1_cnt_minus[4]=0
     level1_cnt_plus[5]=0;		level1_cnt_minus[5]=0
     level1_cnt_plus[6]=0;		level1_cnt_minus[6]=0
     level1_cnt_plus[7]=0;		level1_cnt_minus[7]=0
     level1_cnt_plus[8]=0;		level1_cnt_minus[8]=0
     level1_cnt_plus[9]=0;		level1_cnt_minus[9]=0
-----------------------------------------------------------------------
BCF-Builder Iteration: 0
Memory Working Set Current = 29.04 Mb, Memory Working Set Peak = 29.04 Mb
Loading geometries triangulation & x-stacks...OK
	Sub-mesh 0:
		Total  brick(s) 2841
		Native brick(s) 2609
		Inner  brick(s) 2350
		Outer  brick(s) 259
		Ghost  brick(s) 232
	Sub-mesh 1:
		Total  brick(s) 2259
		Native brick(s) 2000
		Inner  brick(s) 1768
		Outer  brick(s) 232
		Ghost  brick(s) 259
	Total brick(s) 4609

-----------------------------------------------------------------------
MSH (Real Geometry) format constructor:
Getting submesh brick sets...OK (0.000 s)
Level 1
	Inner time 0.436 s
	Outer Time 0.234 s
	Level Time 0.702 s
Level 0
	Inner time 0.249 s
	Outer Time 0.110 s
	Level Time 0.390 s

Brick parser time info:
	0.576 s - time_Run
		0.030 s - time_ConstructPoints
			0.015 s - time_ConstructPointsAddFind2
		0.016 s - time_ConstructPointsAndConnectsFromNb
		0.000 s - time_AddRibConnects
		0.110 s - time_ConstructBrickFacets
			0.110 s - time_CalculateQpoints
				0.047 s - time_AddFacetPoint_GetFacesQpoint
					0.000 s - time_GetFacesQpoint_UShaped
						0.000 s - time_GetFacesQpoint2
					0.000 s - time_GetFacesQpoint_AddEdgesToList
					0.047 s - time_Edge_GetClosestPointOn
					0.000 s - time_Edge_NewtonMethod
					0.000 s - time_GetFacesQpoint_ManyFinds
				0.047 s - time_AddFacetPoint_AddQPoint
					0.079 s - time_PointReverseEvaluate
				0.000 s - time_AddFacetPoint_AddFind2
		0.000 s - time_RemoveOddConnects
		0.016 s - time_TestConnectivity
		0.016 s - time_ValidateXeps
		0.016 s - time_ConstructFaceAs
		0.000 s - time_ConstructCvs
		0.000 s - time_ConstructFaceWs
		0.032 s - time_RealGeomAddQPoints
		0.015 s - time_RealGeomAddNewFaces
		0.000 s - time_RealGeomInitOppositeGeomFaceInd
		0.000 s - time_RealGeomApproxCurveFaces
		0.000 s - time_Enum1
		0.000 s - time_Enum2
		0.000 s - time_RealGeomCheckInvalidConnects
		0.247 s - time_RealGeomParameters
			0.062 s - time_CalculateParametersOfCv
			0.169 s - time_CalculateParametersOfFace
				0.122 s - time_CalculateRR
				0.047 s - time_CalculateRefFaceData
				0.000 s - time_CalculateLambdaProjection
			0.016 s - time_SetFacesOrientation
Result:
	Bricks number:                        4609

	Memory usage:                         0.745 MB
	Memory usage (per brick):             0.166 KB
	Construction time:                    1.157 s

	Topology features:
	------------------
	- High quality bricks                  99.57 % (4589)
	- Medium quality bricks                 0.43 % (20)
	- Bad quality bricks                    0.00 % (0)
	- Ribs corrected bricks                 0.00 % (0)
	- Points with geom-info (bricks)        0.69 % (32)
	- Points with closest-info (bricks)     0.13 % (6)
	- Triangulated by center (bricks)       0.65 % (30)
	- Facet w-faces mergings (bricks)       0.00 % (0)
	- To refine (bricks)                    0.00 % (0)

Memory Working Set Current = 42.35 Mb, Memory Working Set Peak = 47.11 Mb
-----------------------------------------------------------------------
-----------------------------------------------------------------------
MSH --> BCF format (Iteration 0)...
BCF collector...
	(1) Bcf collect time 0.343 s (2714 avs, 1353 fws)
	(0) Bcf collect time 0.359 s (3568 avs, 2206 fws)
	(0) Remove defect avs time 0.062 s
	(1) Remove defect avs time 0.031 s
Defect subdomain detector...
		1 subdomain(s) of gi=0 (real bodies = 1).
			Subdomain 0: 4466 av
		Get real subdoms time 0.000 s
		Mark defect subdomains by closed av...
		Mark by closed av time 0.000 s
		Mark defect subdomains by real bodies...
		0 defect subdomain(s) of gi=0.
	(0) Remove defect subdoms time 0.094 s
	(1) Remove defect subdoms time 0.094 s
NB-faces collector & conservator...
Sub-mesh 0.
	Conservated total=3 (bb-faces=0)
Sub-mesh 1.
	Conservated total=0 (bb-faces=0)
	(1) Bcf calc time 0.094 s
	(0) Bcf calc time 0.312 s
FACE_W optimizer ...
Sub-mesh 0.
	Before optimization total=3213 (fs=2206, ff=0, ss=0)
	After  optimization total=3028 (fs=2021, ff=0, ss=0)
Sub-mesh 1.
	Before optimization total=2480 (fs=1353, ff=0, ss=0)
	After  optimization total=2361 (fs=1234, ff=0, ss=0)
-----------------------------------------------------------------------
-----------------------------------------------------------------------
Merging BCF...
Merging bricks trees...OK (0.00 s)
Merging av data...OK (0.02 s)
Merging a-faces data (fluid)...
	New a-face count   12915
	Bound a-face count 244 (1.89 %)
Merging a-faces data takes 0.00 s
Merging a-faces data (solid)...
	New a-face count   3006
	Bound a-face count 57 (1.90 %)
Merging a-faces data takes 0.00 s
Merging w-faces data...
	New w-face count   4347
	Bound w-face count 0 (0.00 %)
	Need fw-nb         424 (9.75 %)
Merging w-faces data takes 0.00 s
Merging BCF takes (0.03 s)
-----------------------------------------------------------------------

-----------------------------------------------------------------------
Geometrical diagonal nb-faces collector (cpu_num=2)...
	Time=0.109s.
-----------------------------------------------------------------------
Fluid Subdom Constructor: 1 subdom(s).
	Remove nb-fw from diff subdomains (fs)...
		Diff subdomains cases         0

-----------------------------------------------------------------------
BCF CHECKSUM DATA (Mesh 0):

FACE_A Area Sum:   G.Fluid        330.6092154531904200
FACE_A Area Sum:   G.Solid        19.1522978079745490
FACE_W Area Sum:                  59.4819988378665980
FACE_W Nb   Sum:                  38234
FACE_W min curvatures sum:        -21017.75062847
FACE_W max curvatures sum:        140647.30323029
AV Max Disbalance: G.Fluid        4.8229e-014 (cid=648, avid=649, pid=10)
AV Max Disbalance: G.Solid        7.96806e-014 (cid=443, avid=4466, pid=0)
-----------------------------------------------------------------------


-----------------------------------------------------------------------
MESHER TOPOLOGY DATA (Mesh 0):

BRICKS: Total                 4609
BRICKS: 1-CV                  3625
BRICKS: 2-CV                  896
BRICKS: 3-CV                  87
BRICKS: 4-CV                  1
BRICKS: Bad                   0

AV:     G.Total               5682
AV:     G.Fluid               4466
AV:     G.Solid               1216

AV:     G.Fluid Thin Profile    0.81 % (36)
AV:     G.Solid Thin Profile    4.36 % (53)

AV:     G.Fluid Thin For Mega   0.29 % (13)
AV:     G.Solid Thin For Mega   3.54 % (43)

AV:     G.Fluid Non-Convex     10.59 % (473)
AV:     G.Solid Non-Convex     32.07 % (390)

FACE_A: G.Fluid          (af) 12915 (partially opened 2142)
FACE_A: G.Solid          (as) 3006 (partially opened 2063)

FACE_W: G.Total                 4347        Brick/Bound
FACE_W: G.Fluid/Solid    (fs_g) 3091        0           
FACE_W: G.Fluid/Fluid    (ff_g) 0           0           
FACE_W: G.Solid/Solid    (ss_g) 0           0           
FACE_W: G.Fluid/External (fe_g) 1256
FACE_W: G.Solid/External (se_g) 0

AV max fa count:                15
AV max fw count:                63
AV max fw poly count:           63

MEMORY: Total                   2.404 MB
MEMORY: Per Brick               0.534 KB
-----------------------------------------------------------------------

-----------------------------------------------------------------------
Mega-cv constructor for fluid...
	 13 av's is treated as thin
Relative size generator (threshold = 0.05)...OK
	 83 mega-cv's generated
	 0 mega-cv's removed
Convert clusters:
	 83 mega-cv's total
-----------------------------------------------------------------------
Mixing plane rotation regions: NO.
Sliding mesh rotation regions: NO.
Fluid/fluid faces: NO.
----------------------------------------------------------
BCF --> BCF.GEOMSUBDOM (bridge arrays) (cpu_num=2):
MESH (0):
	Fluid Subdom Constructor: 1 subdom(s).
	Solid Subdom Constructor: 5 subdom(s).
	Net Asm Subdom Constructor: 0 subdom(s).
	GEOMSUBDOM (0): gi=0 fluid av=4466 cv=4373 fa=12915 fw=4347 V=2.234531e+001
	GEOMSUBDOM (1): gi=1 solid av=1200 cv=1200 fa=2990 fw=3075 V=7.253340e-001
	GEOMSUBDOM (2): gi=1 solid av=4 cv=4 fa=4 fw=4 V=6.061240e-010
	GEOMSUBDOM (3): gi=1 solid av=4 cv=4 fa=4 fw=4 V=6.062081e-010
	GEOMSUBDOM (4): gi=1 solid av=4 cv=4 fa=4 fw=4 V=8.271575e-010
	GEOMSUBDOM (5): gi=1 solid av=4 cv=4 fa=4 fw=4 V=8.272279e-010
	Setting nb of w-faces...OK.

MESH (0) checking:
	GEOMSUBDOM (0):fa_s=330.6092154531880900 fw_s=59.4819988378666050 fw_nb=38234
	GEOMSUBDOM (1):fa_s=19.1522060292271310 fw_s=8.2378925218068737 fw_nb=28162
	GEOMSUBDOM (2):fa_s=0.0000211437560084 fw_s=0.0000312391014444 fw_nb=12
	GEOMSUBDOM (3):fa_s=0.0000211446285705 fw_s=0.0000312403110128 fw_nb=12
	GEOMSUBDOM (4):fa_s=0.0000247449716118 fw_s=0.0000354720225788 fw_nb=12
	GEOMSUBDOM (5):fa_s=0.0000247453912252 fw_s=0.0000354725595912 fw_nb=12
MESH (0) checking: OK.
----------------------------------------------------------
-----------------------------------------------------------------------
Calculating curvature and tolerance criteria...
Curvature: min=0 max=3.14159
Tolerance: min=0 max=0.127958
Calculating curvature and tolerance criteria takes 0.203 s
-----------------------------------------------------------------------
Current CPU = 7 sec

Nx=18
Ny=10
Nz=16
Max_RL=1
12. Saving initial mesh in: C:\Users\Thibaut\Documents\TropodroneNEW\2\2.fld .
Storing results...
Estimated CPT size=1.075 MB.
OK
Memory Working Set Current = 46.09 Mb, Memory Working Set Peak = 47.11 Mb
Cleaning memory...
Free Geometry DB takes 0.015 s
Copying... OK

------------------------------------------------------------------------------------------------------------
CPU report:
Function                                             CPU           descriptor                    nproc     
------------------------------------------------------------------------------------------------------------
GetGeometryFromSW                                    0.605 sec   function_total               
GetGeometryFromSW                                    0.221 sec   InitGeometryTriangles        
CMesh::PrepareMappedTriangles                        0.167 sec   function_total               
SwapGeometries                                       0.000 sec   function_total               
CMesh::PreBuild                                      0.080 sec   function_total               
SetBrickRegion                                       0.329 sec   function_total               
CMesh::Build                                         2.954 sec   function_total               
CMesh::BuildGeometry                                 2.877 sec   function_total               
ActivateAllCellsParameters                           0.096 sec   function_total               
RefineByTriangles                                    0.955 sec   function_total               
CaptureRefined                                       0.817 sec   function_total               
GetMultiRaysIntersections                            0.199 sec   full                         
CRayCollector::CorrectRays2                          0.485 sec   full                         
CRayCollector::CorrectRays2                          0.183 sec   collect_undefined            
CRayCollector::CorrectRays2                          0.129 sec   stage_2                      
RefinePeculiarSurfaces                               0.049 sec   function_total               
CNarrowChannelRefiner::ChannelsResolution            1.376 sec   function_total               
CNarrowChannelRefiner::RefineChannels_PRLL           1.307 sec   function_total               
CNarrowChannelRefiner::GetMainNormals                0.143 sec   function_total               
CNarrowChannelRefiner::GetMainNormals                0.027 sec   function_total               
CNarrowChannelRefiner::facade_bricks_of_brick_dirv   0.314 sec   function_total               
CNarrowChannelRefiner::facade_bricks_of_brick_dirv   0.048 sec   function_total               
CNarrowChannelRefiner::next_brick_on_ray             0.311 sec   function_total               
CNarrowChannelRefiner::next_brick_on_ray             0.046 sec   function_total               
CNarrowChannelRefiner::RefineChannels_PRLL           0.717 sec   NCR_execute_refinement       
CMesh::BuildGeometry                                 0.000 sec   equidistant_refiner          
CNarrowChannelRefiner::RedistributeLevel1            0.669 sec   function_total               
CTPBuilder::build_bcf                                2.931 sec   function_total               
CTPBuilder::bcf_builder                              2.588 sec   function_total               
LoadTrianglesAndXSL                                  0.000 sec   function_total               
CTPBuilder::collect_msh_format                       1.158 sec   function_total               
CTPBuilder::Run                                      0.933 sec   bcf_collect                  
CTPBuilder::Run                                      0.494 sec   bcf_merge                    
CTPBuilder::build_bcf                                0.007 sec   collect_mega_cv              
CTPBuilder::build_bcf                                0.335 sec   convert_to_mds_function      
CMesh::CalculateCurvatureAndToleranceCriteria        0.206 sec   function_total               
Store_Res_2                                          0.204 sec   function_total               
Freemem_CPT                                          0.018 sec   function_total               
------------------------------------------------------------------------------------------------------------

Mesh generation normally finished at	11.4.2017	11:4:15
Mesher CPU = 7 sec
Mesher is finished at	11.4.2017	11:4:15
